<?xml version="1.0" encoding="UTF-8"?>
<!-- Generated by org.testng.reporters.JUnitXMLReporter -->
<testsuite ignored="0" hostname="Mds-MacBook-Pro.local" failures="5" tests="7" name="Click Test" time="45.582" errors="0" timestamp="20 Sep 2018 01:10:37 GMT">
  <testcase classname="search.InputSearch" name="click" time="2.036"/>
  <testcase classname="search.InputSearch" name="click2" time="1.901"/>
  <testcase classname="search.InputSearch" name="main" time="0.0">
    <failure type="java.lang.NoSuchMethodError" message="search.InputSearch.typeOnCss(Ljava/lang/String;)V">
      <![CDATA[java.lang.NoSuchMethodError: search.InputSearch.typeOnCss(Ljava/lang/String;)V
at search.InputSearch.main(InputSearch.java:25)
... Removed 29 stack frames]]>
    </failure>
  </testcase> <!-- main -->
  <testcase classname="search.InputSearch" name="main2" time="0.0">
    <failure type="java.lang.NoSuchMethodError" message="search.InputSearch.typeOnXpath(Ljava/lang/String;)V">
      <![CDATA[java.lang.NoSuchMethodError: search.InputSearch.typeOnXpath(Ljava/lang/String;)V
at search.InputSearch.main2(InputSearch.java:30)
... Removed 29 stack frames]]>
    </failure>
  </testcase> <!-- main2 -->
  <testcase classname="search.InputSearch" name="main3" time="0.0">
    <failure type="java.lang.NoSuchMethodError" message="search.InputSearch.typeOnXpath(Ljava/lang/String;)V">
      <![CDATA[java.lang.NoSuchMethodError: search.InputSearch.typeOnXpath(Ljava/lang/String;)V
at search.InputSearch.main3(InputSearch.java:35)
... Removed 29 stack frames]]>
    </failure>
  </testcase> <!-- main3 -->
  <testcase classname="search.InputSearch" name="main4" time="0.0">
    <failure type="java.lang.NoSuchMethodError" message="search.InputSearch.typeOnXpath(Ljava/lang/String;)V">
      <![CDATA[java.lang.NoSuchMethodError: search.InputSearch.typeOnXpath(Ljava/lang/String;)V
at search.InputSearch.main4(InputSearch.java:40)
... Removed 29 stack frames]]>
    </failure>
  </testcase> <!-- main4 -->
  <testcase classname="search.InputSearch" name="main5" time="0.0">
    <failure type="java.lang.NoSuchMethodError" message="search.InputSearch.typeOnXpath(Ljava/lang/String;)V">
      <![CDATA[java.lang.NoSuchMethodError: search.InputSearch.typeOnXpath(Ljava/lang/String;)V
at search.InputSearch.main5(InputSearch.java:46)
... Removed 29 stack frames]]>
    </failure>
  </testcase> <!-- main5 -->
</testsuite> <!-- Click Test -->
