<?xml version="1.0" encoding="UTF-8"?>
<testng-results ignored="0" total="2" passed="2" failed="0" skipped="0">
  <reporter-output>
  </reporter-output>
  <suite started-at="2018-09-18T21:09:31Z" name="FoxNews API Automation Script " finished-at="2018-09-18T21:09:47Z" duration-ms="15709">
    <groups>
    </groups>
    <test started-at="2018-09-18T21:09:31Z" name="Click Test" finished-at="2018-09-18T21:09:47Z" duration-ms="15709">
      <class name="search.InputSearch">
        <test-method is-config="true" signature="setUp(java.lang.String)[pri:0, instance:search.InputSearch@d6e7bab]" started-at="2018-09-18T21:09:31Z" name="setUp" finished-at="2018-09-18T21:09:37Z" duration-ms="6061" status="PASS">
          <params>
            <param index="0">
              <value>
                <![CDATA[http://www.foxnews.com/]]>
              </value>
            </param>
          </params>
          <reporter-output>
          </reporter-output>
        </test-method> <!-- setUp -->
        <test-method signature="click()[pri:0, instance:search.InputSearch@d6e7bab]" started-at="2018-09-18T21:09:37Z" name="click" finished-at="2018-09-18T21:09:39Z" duration-ms="1981" status="PASS">
          <reporter-output>
          </reporter-output>
        </test-method> <!-- click -->
        <test-method is-config="true" signature="cleanUp()[pri:0, instance:search.InputSearch@d6e7bab]" started-at="2018-09-18T21:09:39Z" name="cleanUp" finished-at="2018-09-18T21:09:39Z" duration-ms="118" status="PASS">
          <reporter-output>
          </reporter-output>
        </test-method> <!-- cleanUp -->
        <test-method is-config="true" signature="setUp(java.lang.String)[pri:0, instance:search.InputSearch@d6e7bab]" started-at="2018-09-18T21:09:39Z" name="setUp" finished-at="2018-09-18T21:09:45Z" duration-ms="5509" status="PASS">
          <params>
            <param index="0">
              <value>
                <![CDATA[http://www.foxnews.com/]]>
              </value>
            </param>
          </params>
          <reporter-output>
          </reporter-output>
        </test-method> <!-- setUp -->
        <test-method signature="click2()[pri:0, instance:search.InputSearch@d6e7bab]" started-at="2018-09-18T21:09:45Z" name="click2" finished-at="2018-09-18T21:09:47Z" duration-ms="1866" status="PASS">
          <reporter-output>
          </reporter-output>
        </test-method> <!-- click2 -->
        <test-method is-config="true" signature="cleanUp()[pri:0, instance:search.InputSearch@d6e7bab]" started-at="2018-09-18T21:09:47Z" name="cleanUp" finished-at="2018-09-18T21:09:47Z" duration-ms="158" status="PASS">
          <reporter-output>
          </reporter-output>
        </test-method> <!-- cleanUp -->
      </class> <!-- search.InputSearch -->
    </test> <!-- Click Test -->
  </suite> <!-- FoxNews API Automation Script  -->
</testng-results>
